Script started on 2023-07-21 12:32:16+07:00 [TERM="xterm" TTY="/dev/pts/0" COLUMNS="173" LINES="40"]
]0;garik@garik-VirtualBox: ~/DZ/DZ15garik@garik-VirtualBox:~/DZ/DZ15$ vagrant yu[K[Kup
[0mBringing machine 'default' up with 'virtualbox' provider...[0m
[1m==> default: Importing base box 'ubuntu/focal64'...[0m
[0m[K[0m[0mProgress: 90%[0m[0m[K[0m[1m==> default: Matching MAC address for NAT networking...[0m
[1m==> default: Setting the name of the VM: DZ15_default_1689917570604_90460[0m
[1m==> default: Clearing any previously set network interfaces...[0m
[1m==> default: Preparing network interfaces based on configuration...[0m
[0m    default: Adapter 1: nat[0m
[1m==> default: Forwarding ports...[0m
[0m    default: 80 (guest) => 8080 (host) (adapter 1)[0m
[0m    default: 22 (guest) => 2222 (host) (adapter 1)[0m
[1m==> default: Running 'pre-boot' VM customizations...[0m
[1m==> default: Booting VM...[0m
[1m==> default: Waiting for machine to boot. This may take a few minutes...[0m
[0m    default: SSH address: 127.0.0.1:2222[0m
[0m    default: SSH username: vagrant[0m
[0m    default: SSH auth method: private key[0m
[0m    default: Warning: Connection reset. Retrying...[0m
[0m    default: Warning: Remote connection disconnect. Retrying...[0m
[0m    default: Warning: Connection reset. Retrying...[0m
[0m    default: Warning: Connection reset. Retrying...[0m
[0m    default: 
    default: Vagrant insecure key detected. Vagrant will automatically replace
    default: this with a newly generated keypair for better security.[0m
[0m    default: 
    default: Inserting generated public key within guest...[0m
[0m    default: Removing insecure key from the guest if it's present...[0m
[0m    default: Key inserted! Disconnecting and reconnecting using new SSH key...[0m
[1m==> default: Machine booted and ready![0m
[1m==> default: Checking for guest additions in VM...[0m
[1m==> default: Mounting shared folders...[0m
[0m    default: /vagrant => /home/garik/DZ/DZ15[0m
[1m==> default: Running provisioner: ansible...[0m
[0;33mVagrant has automatically selected the compatibility mode '2.0'
according to the Ansible version installed (2.9.6).

Alternatively, the compatibility mode can be specified in your Vagrantfile:
https://www.vagrantup.com/docs/provisioning/ansible_common.html#compatibility_mode
[0m
[0m    default: Running ansible-playbook...[0m
[0m
PLAY [all] *********************************************************************
[0m[0m
TASK [Gathering Facts] *********************************************************
[0m[0m[0;32mok: [default][0m
[0;32m[0m[0m[0m
TASK [Install nginx] ***********************************************************
[0m[0m[0;33mchanged: [default][0m
[0;33m[0m[0m[0m
TASK [Copy nginx config] *******************************************************
[0m[0m[0;33mchanged: [default][0m
[0;33m[0m[0m[0m
RUNNING HANDLER [Start nginx] **************************************************
[0m[0m[0;32mok: [default][0m
[0;32m[0m[0m[0m
PLAY RECAP *********************************************************************
[0m[0m[0;33mdefault[0m                    : [0;32mok=4   [0m [0;33mchanged=2   [0m unreachable=0    failed=0    skipped=0    rescued=0    ignored=0   

[0m[1m==> default: Running provisioner: shell...[0m
[0m    default: Running: inline script[0m
[0;32m    default: ● nginx.service - A high performance web server and a reverse proxy server
    default:      Loaded: loaded (/lib/systemd/system/nginx.service; enabled; vendor preset: enabled)
    default:      Active: active (running) since Fri 2023-07-21 05:35:55 UTC; 11s ago
    default:        Docs: man:nginx(8)
    default:    Main PID: 2512 (nginx)
    default:       Tasks: 3 (limit: 1117)
    default:      Memory: 7.3M
    default:      CGroup: /system.slice/nginx.service
    default:              ├─2512 nginx: master process /usr/sbin/nginx -g daemon on; master_process on;
    default:              ├─2513 nginx: worker process
    default:              └─2514 nginx: worker process
    default: 
    default: Jul 21 05:35:54 ubuntu-focal systemd[1]: Starting A high performance web server and a reverse proxy server...
    default: Jul 21 05:35:55 ubuntu-focal systemd[1]: Started A high performance web server and a reverse proxy server.[0m
]0;garik@garik-VirtualBox: ~/DZ/DZ15garik@garik-VirtualBox:~/DZ/DZ15$ curl http://127.0.0.1:8080
<!DOCTYPE html>
<html>
<head>
<title>Welcome to nginx!</title>
<style>
    body {
        width: 35em;
        margin: 0 auto;
        font-family: Tahoma, Verdana, Arial, sans-serif;
    }
</style>
</head>
<body>
<h1>Welcome to nginx!</h1>
<p>If you see this page, the nginx web server is successfully installed and
working. Further configuration is required.</p>

<p>For online documentation and support please refer to
<a href="http://nginx.org/">nginx.org</a>.<br/>
Commercial support is available at
<a href="http://nginx.com/">nginx.com</a>.</p>

<p><em>Thank you for using nginx.</em></p>
</body>
</html>
]0;garik@garik-VirtualBox: ~/DZ/DZ15garik@garik-VirtualBox:~/DZ/DZ15$ exit
exit

Script done on 2023-07-21 12:36:35+07:00 [COMMAND_EXIT_CODE="0"]
